<?xml version="1.0" encoding="UTF-8"?>
<!-- Generated by org.testng.reporters.JUnitXMLReporter -->
<testsuite ignored="0" hostname="LAPTOP-VERPD4RG" failures="0" tests="8" name="Default test" time="0.066" errors="0" timestamp="2024-01-12T09:19:06 IST">
  <testcase classname="TestNG.RerunTestScript" name="demo1" time="0.011"/>
  <testcase classname="TestNG.RerunTestScript" name="demo1" time="0.001"/>
  <testcase classname="TestNG.RerunTestScript" name="demo1" time="0.0"/>
  <testcase classname="TestNG.RerunTestScript" name="demo4" time="0.001"/>
  <testcase classname="TestNG.RerunTestScript" name="demo4" time="0.0"/>
  <testcase classname="TestNG.RerunTestScript" name="demo4" time="0.001"/>
  <testcase classname="TestNG.RerunTestScript" name="demo4" time="0.001"/>
  <testcase classname="TestNG.RerunTestScript" name="demo2" time="0.0"/>
</testsuite> <!-- Default test -->
