<?xml version="1.0" encoding="UTF-8"?>
<!-- Generated by org.testng.reporters.JUnitXMLReporter -->
<testsuite ignored="1" hostname="LAPTOP-VERPD4RG" failures="0" tests="16" name="Test" time="8.42" errors="0" timestamp="2024-01-12T09:20:08 IST">
  <testcase classname="TestNG.DependencyBetwwenMethods" name="navigateToApp" time="0.011"/>
  <testcase classname="TestNG.DependencyBetwwenMethods" name="loginToApp" time="0.001"/>
  <testcase classname="TestNG.DisablingTestScript" name="demo1" time="0.002"/>
  <testcase classname="TestNG.DependencyBetweenMethod2" name="navigateToApp" time="5.218"/>
  <testcase classname="TestNG.DependencyBetweenMethod2" name="loginToApp" time="3.118"/>
  <testcase classname="TestNG.priporitixedTestScript" name="demo2" time="0.001"/>
  <testcase classname="TestNG.priporitixedTestScript" name="demo1" time="0.001"/>
  <testcase classname="TestNG.SampleTest" name="demoTest" time="0.001"/>
  <testcase classname="TestNG.RerunTestScript" name="demo1" time="0.001"/>
  <testcase classname="TestNG.RerunTestScript" name="demo1" time="0.0"/>
  <testcase classname="TestNG.RerunTestScript" name="demo1" time="0.001"/>
  <testcase classname="TestNG.RerunTestScript" name="demo4" time="0.001"/>
  <testcase classname="TestNG.RerunTestScript" name="demo4" time="0.0"/>
  <testcase classname="TestNG.RerunTestScript" name="demo4" time="0.001"/>
  <testcase classname="TestNG.RerunTestScript" name="demo4" time="0.0"/>
  <testcase classname="TestNG.RerunTestScript" name="demo2" time="0.002"/>
  <testcase classname="TestNG.DisablingTestScript" name="demo2" time="0.0">
    <ignored/>
  </testcase> <!-- demo2 -->
</testsuite> <!-- Test -->
