<?xml version="1.0" encoding="UTF-8"?>
<!-- Generated by org.testng.reporters.JUnitXMLReporter -->
<testsuite ignored="0" hostname="LAPTOP-VERPD4RG" failures="0" tests="2" name="Test Runner 3" time="1.298" errors="0" timestamp="2024-01-12T13:07:39 IST">
  <testcase classname="crossBrowserParallel.GoogleTest" name="googleTest" time="0.0">
    <skipped/>
  </testcase> <!-- googleTest -->
  <testcase classname="crossBrowserParallel.SwiggyTest" name="swiggyTest" time="0.0">
    <skipped/>
  </testcase> <!-- swiggyTest -->
</testsuite> <!-- Test Runner 3 -->
